01_Image$Recognition_1_Image$On$Target
01_Image$Recognition_2_Multiple$Targets
01_Image$Recognition_3_Interactivity
01_Image$Recognition_4_Html$Drawable
01_Image$Recognition_5_Bonus-Sparkles
02_Advanced$Image$Recognition_1_Gestures
02_Advanced$Image$Recognition_2_Distance$To$Target
02_Advanced$Image$Recognition_3_Extended$Tracking
03_Cloud$Recognition_1_Single$Image$Recognition
03_Cloud$Recognition_2_Continuous$Image$Recognition
03_Cloud$Recognition_3_Using$Metainformation$In$The$Response
05_3d$Models_1_3d$Model$On$Target
05_3d$Models_2_Appearing$Animation
05_3d$Models_3_Interactivity
05_3d$Models_4_Snap$To$Screen
05_3d$Models_5_Animated$Model$Parts
05_3d$Models_6_3d$Model$At$Geo$Location
09_Video_1_Simple$Video
09_Video_2_Playback$States
09_Video_3_Snapping$Video
09_Video_4_Bonus-Transparent$Video
11_Plugins$API_1_QR&Barcode
11_Plugins$API_2_Face$Detection
11_Plugins$API_3_Custom$Camera
11_Plugins$API_4_Marker$Tracking
x_Demo_1_2d$Tracking$And$Geo
x_Demo_3_Solar$System(2d$Tracking)
